<?xml version="1.0" encoding="UTF-8"?>
<!-- Generated by org.testng.reporters.JUnitReportReporter -->
<testsuite hostname="admin-PC" failures="0" tests="1" name="Testcases.VerifySelectClass" time="5.036" errors="0" timestamp="2022-05-18T11:02:42 IST" skipped="0">
  <testcase classname="Testcases.VerifySelectClass" name="selectcurrencyValue" time="5.036"/>
  <system-out/>
</testsuite> <!-- Testcases.VerifySelectClass -->
