<?xml version="1.0" encoding="UTF-8"?>
<!-- Generated by org.testng.reporters.JUnitReportReporter -->
<testsuite hostname="admin-PC" failures="0" tests="1" name="Testcases.VerifyPassengerAdd" time="6.140" errors="0" timestamp="2022-05-18T12:13:29 IST" skipped="0">
  <testcase classname="Testcases.VerifyPassengerAdd" name="AdultPassengerAddViewAlert" time="6.140"/>
  <system-out/>
</testsuite> <!-- Testcases.VerifyPassengerAdd -->
