<?xml version="1.0" encoding="UTF-8"?>
<!-- Generated by org.testng.reporters.JUnitReportReporter -->
<testsuite hostname="admin-PC" failures="0" tests="1" name="Testcases.VerifyAutoSelect" time="14.780" errors="0" timestamp="2022-05-16T15:27:34 IST" skipped="0">
  <testcase classname="Testcases.VerifyAutoSelect" name="selectorclass" time="14.780"/>
  <system-out/>
</testsuite> <!-- Testcases.VerifyAutoSelect -->
