<?xml version="1.0" encoding="UTF-8"?>
<!-- Generated by org.testng.reporters.JUnitReportReporter -->
<testsuite hostname="admin-PC" failures="0" tests="1" name="Testcases.Trial" time="11.919" errors="0" timestamp="2022-05-16T15:20:25 IST" skipped="0">
  <testcase classname="Testcases.Trial" name="selectorclass" time="11.919"/>
  <system-out/>
</testsuite> <!-- Testcases.Trial -->
