<?xml version="1.0" encoding="UTF-8"?>
<!-- Generated by org.testng.reporters.JUnitReportReporter -->
<testsuite hostname="admin-PC" failures="0" tests="1" name="Testcases.VerifyAutoSelect" time="7.183" errors="0" timestamp="2022-05-17T17:23:33 IST" skipped="0">
  <testcase classname="Testcases.VerifyAutoSelect" name="selectorclass" time="7.183"/>
  <system-out/>
</testsuite> <!-- Testcases.VerifyAutoSelect -->
